


ARM Macro Assembler    Page 1 


    1 00000000         
    2 00000000         ;/******************************************************
                       ***********************/
    3 00000000         ;/*  Startup for ARM                                    
                                             */
    4 00000000         ;/*  Version     V1.0                                   
                                             */
    5 00000000         ;/*  Date        2024-02-26                             
                                             */
    6 00000000         ;/*  Target-mcu  {MCU_PN_H}                             
                                             */
    7 00000000         ;/******************************************************
                       ***********************/
    8 00000000         
    9 00000000         ; Stack Configuration
   10 00000000         ; Stack Size (in Bytes) <0x0-0xFFFFFFFF:8>
   11 00000000         
   12 00000000 00000200 
                       Stack_Size
                               EQU              0x00000200
   13 00000000         
   14 00000000                 AREA             STACK, NOINIT, READWRITE, ALIGN
=3
   15 00000000         Stack_Mem
                               SPACE            Stack_Size
   16 00000200         __initial_sp
   17 00000200         
   18 00000200         
   19 00000200         ; Heap Configuration
   20 00000200         ;  Heap Size (in Bytes) <0x0-0xFFFFFFFF:8>
   21 00000200         
   22 00000200 00000200 
                       Heap_Size
                               EQU              0x00000200
   23 00000200         
   24 00000200                 AREA             HEAP, NOINIT, READWRITE, ALIGN=
3
   25 00000000         __heap_base
   26 00000000         Heap_Mem
                               SPACE            Heap_Size
   27 00000200         __heap_limit
   28 00000200         
   29 00000200         
   30 00000200                 PRESERVE8
   31 00000200                 THUMB
   32 00000200         
   33 00000200         
   34 00000200         ; Vector Table Mapped to Address 0 at Reset
   35 00000200         
   36 00000200                 AREA             RESET, DATA, READONLY
   37 00000000                 EXPORT           __Vectors
   38 00000000                 EXPORT           __Vectors_End
   39 00000000                 EXPORT           __Vectors_Size
   40 00000000         
   41 00000000         __Vectors
   42 00000000 00000000        DCD              __initial_sp ; Top of Stack
   43 00000004 00000000        DCD              Reset_Handler ;< -15 Reset Vect
                                                            or, invoked on Powe
                                                            r up and warm reset



ARM Macro Assembler    Page 2 


                                                            
   44 00000008 00000000        DCD              NMI_Handler ;< -14 Non maskable
                                                             Interrupt, cannot 
                                                            be stopped or preem
                                                            pted
   45 0000000C 00000000        DCD              HardFault_Handler ;< -13 Hard F
                                                            ault, all classes o
                                                            f Fault
   46 00000010 00000000        DCD              0           ;< -12 Reserved
   47 00000014 00000000        DCD              0           ;< -11 Reserved
   48 00000018 00000000        DCD              0           ;< -10 Reserved
   49 0000001C 00000000        DCD              0           ;< -9 Reserved
   50 00000020 00000000        DCD              0           ;< -8 Reserved
   51 00000024 00000000        DCD              0           ;< -7 Reserved
   52 00000028 00000000        DCD              0           ;< -6 Reserved
   53 0000002C 00000000        DCD              SVC_Handler ;< -5 System Servic
                                                            e Call via SVC inst
                                                            ruction
   54 00000030 00000000        DCD              0           ;< -4 Reserved
   55 00000034 00000000        DCD              0           ;< -3 Reserved
   56 00000038 00000000        DCD              PendSV_Handler ;< -2 Pendable r
                                                            equest for system s
                                                            ervice
   57 0000003C 00000000        DCD              SysTick_Handler ;< -1 System Ti
                                                            ck Timer
   58 00000040         
   59 00000040 00000000        DCD              WDT_IRQHandler ;< 0 Watch Dog T
                                                            imer Interrupt Hand
                                                            ler
   60 00000044 00000000        DCD              LVD_IRQHandler ;< 1 Low Voltage
                                                             Detect Interrupt H
                                                            andler
   61 00000048 00000000        DCD              RTC_IRQHandler ;< 2 RTC Interru
                                                            pt Handler
   62 0000004C 00000000        DCD              FLASHRAM_IRQHandler ;< 3 Flash/
                                                            RAM Interrupt Handl
                                                            er
   63 00000050 00000000        DCD              SYSCTRL_IRQHandler ;< 4 SysCtrl
                                                             Interupt Handler
   64 00000054 00000000        DCD              GPIOA_IRQHandler ;< 5 GPIOA Int
                                                            errupt Handler
   65 00000058 00000000        DCD              GPIOB_IRQHandler ;< 6 GPIOB Int
                                                            errupt Handler
   66 0000005C 00000000        DCD              GPIOC_IRQHandler ;< 7 GPIOC Int
                                                            errupt Handler
   67 00000060 00000000        DCD              0           ;< 8 Reserved
   68 00000064 00000000        DCD              0           ;< 9 Reserved
   69 00000068 00000000        DCD              0           ;< 10 Reserved
   70 0000006C 00000000        DCD              0           ;< 11 Reserved
   71 00000070 00000000        DCD              ADC_IRQHandler ;< 12 ADC Interr
                                                            upt Handler
   72 00000074 00000000        DCD              ATIM_IRQHandler ;< 13 Advanced 
                                                            Timer Interrupt Han
                                                            dler
   73 00000078 00000000        DCD              VC1_IRQHandler ;< 14 Voltage Co
                                                            mparator 1 Interrup
                                                            t Handler
   74 0000007C 00000000        DCD              VC2_IRQHandler ;< 15 Voltage Co
                                                            mparator 2 Interrup



ARM Macro Assembler    Page 3 


                                                            t Handler
   75 00000080 00000000        DCD              GTIM1_IRQHandler ;< 16 General 
                                                            Timer1 Interrupt Ha
                                                            ndler
   76 00000084 00000000        DCD              GTIM2_IRQHandler ;< 17 General 
                                                            Timer2 Interrupt Ha
                                                            ndler
   77 00000088 00000000        DCD              0           ;< 18 Reserved
   78 0000008C 00000000        DCD              LPTIM_IRQHandler ;< 19 LPTIM In
                                                            terrupt Handle
   79 00000090 00000000        DCD              BTIM1_IRQHandler ;< 20 BTIM1 In
                                                            terrupt Handler
   80 00000094 00000000        DCD              BTIM2_IRQHandler ;< 21 BTIM2 In
                                                            terrupt Handler
   81 00000098 00000000        DCD              BTIM3_IRQHandler ;< 22 BTIM3 In
                                                            terrupt Handler
   82 0000009C 00000000        DCD              I2C_IRQHandler ;< 23 I2C Interr
                                                            upt Handler
   83 000000A0 00000000        DCD              0           ;< 24 Reserved
   84 000000A4 00000000        DCD              SPI1_IRQHandler ;< 25 SPI1 Inte
                                                            rrupt Handler
   85 000000A8 00000000        DCD              0           ;< 26 Reserved
   86 000000AC 00000000        DCD              UART1_IRQHandler ;< 27 UART1 In
                                                            terrupt Handler
   87 000000B0 00000000        DCD              UART2_IRQHandler ;< 28 UART2 In
                                                            terrupt Handler
   88 000000B4 00000000        DCD              UART3_IRQHandler ;< 29 UART3 In
                                                            terrupt Handler
   89 000000B8 00000000        DCD              0           ;< 30 Reserved
   90 000000BC 00000000        DCD              CLKFAULT_IRQHandler ;< 31 CLKFA
                                                            ULT Interrupt Handl
                                                            er
   91 000000C0         
   92 000000C0         __Vectors_End
   93 000000C0         
   94 000000C0 000000C0 
                       __Vectors_Size
                               EQU              __Vectors_End - __Vectors
   95 000000C0         
   96 000000C0                 AREA             |.text|, CODE, READONLY
   97 00000000         
   98 00000000         
   99 00000000         ; Reset Handler
  100 00000000         
  101 00000000         Reset_Handler
                               PROC
  102 00000000                 EXPORT           Reset_Handler             [WEAK
]
  103 00000000                 IMPORT           SystemInit
  104 00000000                 IMPORT           __main
  105 00000000         
  106 00000000 4807            LDR              R0, =SystemInit
  107 00000002 4780            BLX              R0
  108 00000004 4807            LDR              R0, =__main
  109 00000006 4700            BX               R0
  110 00000008                 ENDP
  111 00000008         
  112 00000008         
  113 00000008         ; Dummy Exception Handlers (infinite loops which can be 



ARM Macro Assembler    Page 4 


                       modified)
  114 00000008         
  115 00000008         NMI_Handler
                               PROC
  116 00000008                 EXPORT           NMI_Handler               [WEAK
]
  117 00000008 E7FE            B                .
  118 0000000A                 ENDP
  119 0000000A         
  120 0000000A         
  122 0000000A         HardFault_Handler
                               PROC
  123 0000000A                 EXPORT           HardFault_Handler         [WEAK
]
  124 0000000A E7FE            B                .
  125 0000000C                 ENDP
  126 0000000C         SVC_Handler
                               PROC
  127 0000000C                 EXPORT           SVC_Handler               [WEAK
]
  128 0000000C E7FE            B                .
  129 0000000E                 ENDP
  130 0000000E         PendSV_Handler
                               PROC
  131 0000000E                 EXPORT           PendSV_Handler            [WEAK
]
  132 0000000E E7FE            B                .
  133 00000010                 ENDP
  134 00000010         SysTick_Handler
                               PROC
  135 00000010                 EXPORT           SysTick_Handler           [WEAK
]
  136 00000010 E7FE            B                .
  137 00000012                 ENDP
  138 00000012         
  139 00000012         Default_Handler
                               PROC
  140 00000012                 EXPORT           WDT_IRQHandler           [WEAK]
  141 00000012                 EXPORT           LVD_IRQHandler           [WEAK]
  142 00000012                 EXPORT           RTC_IRQHandler           [WEAK]
  143 00000012                 EXPORT           FLASHRAM_IRQHandler      [WEAK]
  144 00000012                 EXPORT           SYSCTRL_IRQHandler       [WEAK]
  145 00000012                 EXPORT           GPIOA_IRQHandler         [WEAK]
  146 00000012                 EXPORT           GPIOB_IRQHandler         [WEAK]
  147 00000012                 EXPORT           GPIOC_IRQHandler         [WEAK]
  148 00000012                 EXPORT           ADC_IRQHandler           [WEAK]
  149 00000012                 EXPORT           ATIM_IRQHandler          [WEAK]
  150 00000012                 EXPORT           VC1_IRQHandler           [WEAK]
  151 00000012                 EXPORT           VC2_IRQHandler           [WEAK]
  152 00000012                 EXPORT           GTIM1_IRQHandler         [WEAK]
  153 00000012                 EXPORT           GTIM2_IRQHandler         [WEAK]
  154 00000012                 EXPORT           LPTIM_IRQHandler         [WEAK]
  155 00000012                 EXPORT           BTIM1_IRQHandler         [WEAK]
  156 00000012                 EXPORT           BTIM2_IRQHandler         [WEAK]
  157 00000012                 EXPORT           BTIM3_IRQHandler         [WEAK]
  158 00000012                 EXPORT           I2C_IRQHandler           [WEAK]
  159 00000012                 EXPORT           SPI1_IRQHandler          [WEAK]
  160 00000012                 EXPORT           UART1_IRQHandler         [WEAK]
  161 00000012                 EXPORT           UART2_IRQHandler         [WEAK]



ARM Macro Assembler    Page 5 


  162 00000012                 EXPORT           UART3_IRQHandler         [WEAK]
  163 00000012                 EXPORT           CLKFAULT_IRQHandler      [WEAK]
  164 00000012         
  165 00000012         WDT_IRQHandler
  166 00000012         LVD_IRQHandler
  167 00000012         RTC_IRQHandler
  168 00000012         FLASHRAM_IRQHandler
  169 00000012         SYSCTRL_IRQHandler
  170 00000012         GPIOA_IRQHandler
  171 00000012         GPIOB_IRQHandler
  172 00000012         GPIOC_IRQHandler
  173 00000012         ADC_IRQHandler
  174 00000012         ATIM_IRQHandler
  175 00000012         VC1_IRQHandler
  176 00000012         VC2_IRQHandler
  177 00000012         GTIM1_IRQHandler
  178 00000012         GTIM2_IRQHandler
  179 00000012         LPTIM_IRQHandler
  180 00000012         BTIM1_IRQHandler
  181 00000012         BTIM2_IRQHandler
  182 00000012         BTIM3_IRQHandler
  183 00000012         I2C_IRQHandler
  184 00000012         SPI1_IRQHandler
  185 00000012         UART1_IRQHandler
  186 00000012         UART2_IRQHandler
  187 00000012         UART3_IRQHandler
  188 00000012         CLKFAULT_IRQHandler
  189 00000012         
  190 00000012 E7FE            B                .
  191 00000014         
  192 00000014                 ENDP
  193 00000014         
  194 00000014         
  195 00000014                 ALIGN
  196 00000014         
  197 00000014         
  198 00000014         ; User Initial Stack & Heap
  199 00000014         
  200 00000014                 IF               :DEF:__MICROLIB
  207 00000014         
  208 00000014                 IMPORT           __use_two_region_memory
  209 00000014                 EXPORT           __user_initial_stackheap
  210 00000014         __user_initial_stackheap
  211 00000014         
  212 00000014 4804            LDR              R0, =  Heap_Mem
  213 00000016 4905            LDR              R1, =(Stack_Mem + Stack_Size)
  214 00000018 4A05            LDR              R2, = (Heap_Mem +  Heap_Size)
  215 0000001A 4B06            LDR              R3, = Stack_Mem
  216 0000001C 4770            BX               LR
  217 0000001E         
  218 0000001E 00 00           ALIGN
  219 00000020         
  220 00000020                 ENDIF
  221 00000020         
  222 00000020         
  223 00000020                 END
              00000000 
              00000000 
              00000000 



ARM Macro Assembler    Page 6 


              00000200 
              00000200 
              00000000 
Command Line: --debug --xref --diag_suppress=9931 --cpu=Cortex-M0+ --apcs=inter
work --depend=.\objects\startup_cw32l011.d -o.\objects\startup_cw32l011.o -I.\R
TE\_Target_1 -ID:\keil_pack\ARM\CMSIS\5.9.0\CMSIS\Core\Include -ID:\keil_pack\W
HXY\CW32L011_DFP\1.0.1\Device\Include --predefine="__UVISION_VERSION SETA 539" 
--predefine="_RTE_ SETA 1" --predefine="_RTE_ SETA 1" --list=.\listings\startup
_cw32l011.lst Startup\startup_cw32l011.s



ARM Macro Assembler    Page 1 Alphabetic symbol ordering
Relocatable symbols

STACK 00000000

Symbol: STACK
   Definitions
      At line 14 in file Startup\startup_cw32l011.s
   Uses
      None
Comment: STACK unused
Stack_Mem 00000000

Symbol: Stack_Mem
   Definitions
      At line 15 in file Startup\startup_cw32l011.s
   Uses
      At line 213 in file Startup\startup_cw32l011.s
      At line 215 in file Startup\startup_cw32l011.s

__initial_sp 00000200

Symbol: __initial_sp
   Definitions
      At line 16 in file Startup\startup_cw32l011.s
   Uses
      At line 42 in file Startup\startup_cw32l011.s
Comment: __initial_sp used once
3 symbols



ARM Macro Assembler    Page 1 Alphabetic symbol ordering
Relocatable symbols

HEAP 00000000

Symbol: HEAP
   Definitions
      At line 24 in file Startup\startup_cw32l011.s
   Uses
      None
Comment: HEAP unused
Heap_Mem 00000000

Symbol: Heap_Mem
   Definitions
      At line 26 in file Startup\startup_cw32l011.s
   Uses
      At line 212 in file Startup\startup_cw32l011.s
      At line 214 in file Startup\startup_cw32l011.s

__heap_base 00000000

Symbol: __heap_base
   Definitions
      At line 25 in file Startup\startup_cw32l011.s
   Uses
      None
Comment: __heap_base unused
__heap_limit 00000200

Symbol: __heap_limit
   Definitions
      At line 27 in file Startup\startup_cw32l011.s
   Uses
      None
Comment: __heap_limit unused
4 symbols



ARM Macro Assembler    Page 1 Alphabetic symbol ordering
Relocatable symbols

RESET 00000000

Symbol: RESET
   Definitions
      At line 36 in file Startup\startup_cw32l011.s
   Uses
      None
Comment: RESET unused
__Vectors 00000000

Symbol: __Vectors
   Definitions
      At line 41 in file Startup\startup_cw32l011.s
   Uses
      At line 37 in file Startup\startup_cw32l011.s
      At line 94 in file Startup\startup_cw32l011.s

__Vectors_End 000000C0

Symbol: __Vectors_End
   Definitions
      At line 92 in file Startup\startup_cw32l011.s
   Uses
      At line 38 in file Startup\startup_cw32l011.s
      At line 94 in file Startup\startup_cw32l011.s

3 symbols



ARM Macro Assembler    Page 1 Alphabetic symbol ordering
Relocatable symbols

.text 00000000

Symbol: .text
   Definitions
      At line 96 in file Startup\startup_cw32l011.s
   Uses
      None
Comment: .text unused
ADC_IRQHandler 00000012

Symbol: ADC_IRQHandler
   Definitions
      At line 173 in file Startup\startup_cw32l011.s
   Uses
      At line 71 in file Startup\startup_cw32l011.s
      At line 148 in file Startup\startup_cw32l011.s

ATIM_IRQHandler 00000012

Symbol: ATIM_IRQHandler
   Definitions
      At line 174 in file Startup\startup_cw32l011.s
   Uses
      At line 72 in file Startup\startup_cw32l011.s
      At line 149 in file Startup\startup_cw32l011.s

BTIM1_IRQHandler 00000012

Symbol: BTIM1_IRQHandler
   Definitions
      At line 180 in file Startup\startup_cw32l011.s
   Uses
      At line 79 in file Startup\startup_cw32l011.s
      At line 155 in file Startup\startup_cw32l011.s

BTIM2_IRQHandler 00000012

Symbol: BTIM2_IRQHandler
   Definitions
      At line 181 in file Startup\startup_cw32l011.s
   Uses
      At line 80 in file Startup\startup_cw32l011.s
      At line 156 in file Startup\startup_cw32l011.s

BTIM3_IRQHandler 00000012

Symbol: BTIM3_IRQHandler
   Definitions
      At line 182 in file Startup\startup_cw32l011.s
   Uses
      At line 81 in file Startup\startup_cw32l011.s
      At line 157 in file Startup\startup_cw32l011.s

CLKFAULT_IRQHandler 00000012

Symbol: CLKFAULT_IRQHandler
   Definitions
      At line 188 in file Startup\startup_cw32l011.s
   Uses



ARM Macro Assembler    Page 2 Alphabetic symbol ordering
Relocatable symbols

      At line 90 in file Startup\startup_cw32l011.s
      At line 163 in file Startup\startup_cw32l011.s

Default_Handler 00000012

Symbol: Default_Handler
   Definitions
      At line 139 in file Startup\startup_cw32l011.s
   Uses
      None
Comment: Default_Handler unused
FLASHRAM_IRQHandler 00000012

Symbol: FLASHRAM_IRQHandler
   Definitions
      At line 168 in file Startup\startup_cw32l011.s
   Uses
      At line 62 in file Startup\startup_cw32l011.s
      At line 143 in file Startup\startup_cw32l011.s

GPIOA_IRQHandler 00000012

Symbol: GPIOA_IRQHandler
   Definitions
      At line 170 in file Startup\startup_cw32l011.s
   Uses
      At line 64 in file Startup\startup_cw32l011.s
      At line 145 in file Startup\startup_cw32l011.s

GPIOB_IRQHandler 00000012

Symbol: GPIOB_IRQHandler
   Definitions
      At line 171 in file Startup\startup_cw32l011.s
   Uses
      At line 65 in file Startup\startup_cw32l011.s
      At line 146 in file Startup\startup_cw32l011.s

GPIOC_IRQHandler 00000012

Symbol: GPIOC_IRQHandler
   Definitions
      At line 172 in file Startup\startup_cw32l011.s
   Uses
      At line 66 in file Startup\startup_cw32l011.s
      At line 147 in file Startup\startup_cw32l011.s

GTIM1_IRQHandler 00000012

Symbol: GTIM1_IRQHandler
   Definitions
      At line 177 in file Startup\startup_cw32l011.s
   Uses
      At line 75 in file Startup\startup_cw32l011.s
      At line 152 in file Startup\startup_cw32l011.s

GTIM2_IRQHandler 00000012

Symbol: GTIM2_IRQHandler



ARM Macro Assembler    Page 3 Alphabetic symbol ordering
Relocatable symbols

   Definitions
      At line 178 in file Startup\startup_cw32l011.s
   Uses
      At line 76 in file Startup\startup_cw32l011.s
      At line 153 in file Startup\startup_cw32l011.s

HardFault_Handler 0000000A

Symbol: HardFault_Handler
   Definitions
      At line 122 in file Startup\startup_cw32l011.s
   Uses
      At line 45 in file Startup\startup_cw32l011.s
      At line 123 in file Startup\startup_cw32l011.s

I2C_IRQHandler 00000012

Symbol: I2C_IRQHandler
   Definitions
      At line 183 in file Startup\startup_cw32l011.s
   Uses
      At line 82 in file Startup\startup_cw32l011.s
      At line 158 in file Startup\startup_cw32l011.s

LPTIM_IRQHandler 00000012

Symbol: LPTIM_IRQHandler
   Definitions
      At line 179 in file Startup\startup_cw32l011.s
   Uses
      At line 78 in file Startup\startup_cw32l011.s
      At line 154 in file Startup\startup_cw32l011.s

LVD_IRQHandler 00000012

Symbol: LVD_IRQHandler
   Definitions
      At line 166 in file Startup\startup_cw32l011.s
   Uses
      At line 60 in file Startup\startup_cw32l011.s
      At line 141 in file Startup\startup_cw32l011.s

NMI_Handler 00000008

Symbol: NMI_Handler
   Definitions
      At line 115 in file Startup\startup_cw32l011.s
   Uses
      At line 44 in file Startup\startup_cw32l011.s
      At line 116 in file Startup\startup_cw32l011.s

PendSV_Handler 0000000E

Symbol: PendSV_Handler
   Definitions
      At line 130 in file Startup\startup_cw32l011.s
   Uses
      At line 56 in file Startup\startup_cw32l011.s
      At line 131 in file Startup\startup_cw32l011.s



ARM Macro Assembler    Page 4 Alphabetic symbol ordering
Relocatable symbols


RTC_IRQHandler 00000012

Symbol: RTC_IRQHandler
   Definitions
      At line 167 in file Startup\startup_cw32l011.s
   Uses
      At line 61 in file Startup\startup_cw32l011.s
      At line 142 in file Startup\startup_cw32l011.s

Reset_Handler 00000000

Symbol: Reset_Handler
   Definitions
      At line 101 in file Startup\startup_cw32l011.s
   Uses
      At line 43 in file Startup\startup_cw32l011.s
      At line 102 in file Startup\startup_cw32l011.s

SPI1_IRQHandler 00000012

Symbol: SPI1_IRQHandler
   Definitions
      At line 184 in file Startup\startup_cw32l011.s
   Uses
      At line 84 in file Startup\startup_cw32l011.s
      At line 159 in file Startup\startup_cw32l011.s

SVC_Handler 0000000C

Symbol: SVC_Handler
   Definitions
      At line 126 in file Startup\startup_cw32l011.s
   Uses
      At line 53 in file Startup\startup_cw32l011.s
      At line 127 in file Startup\startup_cw32l011.s

SYSCTRL_IRQHandler 00000012

Symbol: SYSCTRL_IRQHandler
   Definitions
      At line 169 in file Startup\startup_cw32l011.s
   Uses
      At line 63 in file Startup\startup_cw32l011.s
      At line 144 in file Startup\startup_cw32l011.s

SysTick_Handler 00000010

Symbol: SysTick_Handler
   Definitions
      At line 134 in file Startup\startup_cw32l011.s
   Uses
      At line 57 in file Startup\startup_cw32l011.s
      At line 135 in file Startup\startup_cw32l011.s

UART1_IRQHandler 00000012

Symbol: UART1_IRQHandler
   Definitions



ARM Macro Assembler    Page 5 Alphabetic symbol ordering
Relocatable symbols

      At line 185 in file Startup\startup_cw32l011.s
   Uses
      At line 86 in file Startup\startup_cw32l011.s
      At line 160 in file Startup\startup_cw32l011.s

UART2_IRQHandler 00000012

Symbol: UART2_IRQHandler
   Definitions
      At line 186 in file Startup\startup_cw32l011.s
   Uses
      At line 87 in file Startup\startup_cw32l011.s
      At line 161 in file Startup\startup_cw32l011.s

UART3_IRQHandler 00000012

Symbol: UART3_IRQHandler
   Definitions
      At line 187 in file Startup\startup_cw32l011.s
   Uses
      At line 88 in file Startup\startup_cw32l011.s
      At line 162 in file Startup\startup_cw32l011.s

VC1_IRQHandler 00000012

Symbol: VC1_IRQHandler
   Definitions
      At line 175 in file Startup\startup_cw32l011.s
   Uses
      At line 73 in file Startup\startup_cw32l011.s
      At line 150 in file Startup\startup_cw32l011.s

VC2_IRQHandler 00000012

Symbol: VC2_IRQHandler
   Definitions
      At line 176 in file Startup\startup_cw32l011.s
   Uses
      At line 74 in file Startup\startup_cw32l011.s
      At line 151 in file Startup\startup_cw32l011.s

WDT_IRQHandler 00000012

Symbol: WDT_IRQHandler
   Definitions
      At line 165 in file Startup\startup_cw32l011.s
   Uses
      At line 59 in file Startup\startup_cw32l011.s
      At line 140 in file Startup\startup_cw32l011.s

__user_initial_stackheap 00000014

Symbol: __user_initial_stackheap
   Definitions
      At line 210 in file Startup\startup_cw32l011.s
   Uses
      At line 209 in file Startup\startup_cw32l011.s
Comment: __user_initial_stackheap used once
33 symbols



ARM Macro Assembler    Page 1 Alphabetic symbol ordering
Absolute symbols

Heap_Size 00000200

Symbol: Heap_Size
   Definitions
      At line 22 in file Startup\startup_cw32l011.s
   Uses
      At line 26 in file Startup\startup_cw32l011.s
      At line 214 in file Startup\startup_cw32l011.s

Stack_Size 00000200

Symbol: Stack_Size
   Definitions
      At line 12 in file Startup\startup_cw32l011.s
   Uses
      At line 15 in file Startup\startup_cw32l011.s
      At line 213 in file Startup\startup_cw32l011.s

__Vectors_Size 000000C0

Symbol: __Vectors_Size
   Definitions
      At line 94 in file Startup\startup_cw32l011.s
   Uses
      At line 39 in file Startup\startup_cw32l011.s
Comment: __Vectors_Size used once
3 symbols



ARM Macro Assembler    Page 1 Alphabetic symbol ordering
External symbols

SystemInit 00000000

Symbol: SystemInit
   Definitions
      At line 103 in file Startup\startup_cw32l011.s
   Uses
      At line 106 in file Startup\startup_cw32l011.s
Comment: SystemInit used once
__main 00000000

Symbol: __main
   Definitions
      At line 104 in file Startup\startup_cw32l011.s
   Uses
      At line 108 in file Startup\startup_cw32l011.s
Comment: __main used once
__use_two_region_memory 00000000

Symbol: __use_two_region_memory
   Definitions
      At line 208 in file Startup\startup_cw32l011.s
   Uses
      None
Comment: __use_two_region_memory unused
3 symbols
385 symbols in table
